<?xml version="1.0" encoding="UTF-8"?>
<testng-results skipped="0" failed="0" ignored="0" total="1" passed="1">
  <reporter-output>
  </reporter-output>
  <suite name="com.qa.TestScripts.LoginPageTest" duration-ms="114" started-at="2019-02-07T13:18:00Z" finished-at="2019-02-07T13:18:00Z">
    <groups>
    </groups>
    <test name="Command line test" duration-ms="114" started-at="2019-02-07T13:18:00Z" finished-at="2019-02-07T13:18:00Z">
      <class name="com.qa.TestScripts.LoginPageTest">
        <test-method status="PASS" signature="test()[pri:0, instance:com.qa.TestScripts.LoginPageTest@d2cc05a]" name="test" duration-ms="17" started-at="2019-02-07T13:18:00Z" finished-at="2019-02-07T13:18:00Z">
          <reporter-output>
          </reporter-output>
        </test-method> <!-- test -->
      </class> <!-- com.qa.TestScripts.LoginPageTest -->
    </test> <!-- Command line test -->
  </suite> <!-- com.qa.TestScripts.LoginPageTest -->
</testng-results>
